0 info it worked if it ends with ok
1 verbose cli [ '/usr/bin/nodejs',
1 verbose cli   '/usr/lib/node_modules/npm/bin/npm-cli.js',
1 verbose cli   'run-script',
1 verbose cli   'dist' ]
2 info using npm@3.10.10
3 info using node@v6.9.4
4 verbose run-script [ 'predist', 'dist', 'postdist' ]
5 info lifecycle test-tasks@1.0.0~predist: test-tasks@1.0.0
6 silly lifecycle test-tasks@1.0.0~predist: no script for predist, continuing
7 info lifecycle test-tasks@1.0.0~dist: test-tasks@1.0.0
8 verbose lifecycle test-tasks@1.0.0~dist: unsafe-perm in lifecycle true
9 verbose lifecycle test-tasks@1.0.0~dist: PATH: /usr/lib/node_modules/npm/bin/node-gyp-bin:/home/anonymous/Documents/projects/horta-wall/node_modules/.bin:/usr/local/sbin:/usr/local/bin:/usr/sbin:/usr/bin:/sbin:/bin:/usr/games:/usr/local/games:/snap/bin:/usr/lib/jvm/java-8-oracle/bin:/usr/lib/jvm/java-8-oracle/db/bin:/usr/lib/jvm/java-8-oracle/jre/bin
10 verbose lifecycle test-tasks@1.0.0~dist: CWD: /home/anonymous/Documents/projects/horta-wall
11 silly lifecycle test-tasks@1.0.0~dist: Args: [ '-c', 'gulp dist' ]
12 silly lifecycle test-tasks@1.0.0~dist: Returned: code: 130  signal: null
13 info lifecycle test-tasks@1.0.0~dist: Failed to exec dist script
14 verbose stack Error: test-tasks@1.0.0 dist: `gulp dist`
14 verbose stack Exit status 130
14 verbose stack     at EventEmitter.<anonymous> (/usr/lib/node_modules/npm/lib/utils/lifecycle.js:255:16)
14 verbose stack     at emitTwo (events.js:106:13)
14 verbose stack     at EventEmitter.emit (events.js:191:7)
14 verbose stack     at ChildProcess.<anonymous> (/usr/lib/node_modules/npm/lib/utils/spawn.js:40:14)
14 verbose stack     at emitTwo (events.js:106:13)
14 verbose stack     at ChildProcess.emit (events.js:191:7)
14 verbose stack     at maybeClose (internal/child_process.js:877:16)
14 verbose stack     at Process.ChildProcess._handle.onexit (internal/child_process.js:226:5)
15 verbose pkgid test-tasks@1.0.0
16 verbose cwd /home/anonymous/Documents/projects/horta-wall
17 error Linux 4.4.0-59-generic
18 error argv "/usr/bin/nodejs" "/usr/lib/node_modules/npm/bin/npm-cli.js" "run-script" "dist"
19 error node v6.9.4
20 error npm  v3.10.10
21 error code ELIFECYCLE
22 error test-tasks@1.0.0 dist: `gulp dist`
22 error Exit status 130
23 error Failed at the test-tasks@1.0.0 dist script 'gulp dist'.
23 error Make sure you have the latest version of node.js and npm installed.
23 error If you do, this is most likely a problem with the test-tasks package,
23 error not with npm itself.
23 error Tell the author that this fails on your system:
23 error     gulp dist
23 error You can get information on how to open an issue for this project with:
23 error     npm bugs test-tasks
23 error Or if that isn't available, you can get their info via:
23 error     npm owner ls test-tasks
23 error There is likely additional logging output above.
24 verbose exit [ 1, true ]
